<?xml version="1.0" encoding="UTF-8"?>
<robot generator="Robot 4.0 (Python 3.9.2 on win32)" generated="20210320 23:06:07.907" rpa="false" schemaversion="2">
<suite id="s1" name="Test" source="C:\Users\ben\PycharmProjects\pystarter\src\robot\test.robot">
<test id="s1-t1" name="Open CNOM GUI">
<kw name="Open Browser" library="Selenium2Library">
<arg>https://ericsson.cnom.com:8585</arg>
<arg>firefox</arg>
<doc>Opens a new browser instance to the optional ``url``.</doc>
<msg timestamp="20210320 23:06:08.171" level="INFO">Opening browser 'firefox' to base url 'https://ericsson.cnom.com:8585'.</msg>
<msg timestamp="20210320 23:06:08.172" level="INFO">Firefox driver log is always forced to to: C:\Users\ben\PycharmProjects\pystarter\geckodriver-11.log</msg>
<status status="PASS" starttime="20210320 23:06:08.171" endtime="20210320 23:06:14.518"/>
</kw>
<kw name="Reload Page" library="Selenium2Library">
<doc>Simulates user reloading page.</doc>
<status status="PASS" starttime="20210320 23:06:14.518" endtime="20210320 23:06:14.604"/>
</kw>
<status status="PASS" starttime="20210320 23:06:08.170" endtime="20210320 23:06:14.604"/>
</test>
<doc>Suite description</doc>
<status status="PASS" starttime="20210320 23:06:07.909" endtime="20210320 23:06:14.605"/>
</suite>
<statistics>
<total>
<stat pass="1" fail="0" skip="0">All Tests</stat>
</total>
<tag>
</tag>
<suite>
<stat pass="1" fail="0" skip="0" id="s1" name="Test">Test</stat>
</suite>
</statistics>
<errors>
</errors>
</robot>
