<?xml version="1.0" encoding="UTF-8"?>
<robot generator="Robot 4.0 (Python 3.9.2 on win32)" generated="20210318 19:41:45.592" rpa="false" schemaversion="2">
<suite id="s1" name="Test" source="C:\Users\ben\PycharmProjects\pystarter\src\robot\test.robot">
<test id="s1-t1" name="Test Case 1">
<kw name="Log To Console" library="BuiltIn" type="SETUP">
<arg>I will start my test</arg>
<doc>Logs the given message to the console.</doc>
<status status="PASS" starttime="20210318 19:41:45.864" endtime="20210318 19:41:45.865"/>
</kw>
<kw name="Log To Console" library="BuiltIn">
<arg>Hello, World0!</arg>
<doc>Logs the given message to the console.</doc>
<status status="PASS" starttime="20210318 19:41:45.865" endtime="20210318 19:41:45.865"/>
</kw>
<kw name="Log" library="BuiltIn">
<arg>${MESSAGE}</arg>
<doc>Logs the given message with the given level.</doc>
<msg timestamp="20210318 19:41:45.866" level="INFO">hello, world!</msg>
<status status="PASS" starttime="20210318 19:41:45.866" endtime="20210318 19:41:45.866"/>
</kw>
<kw name="Log To Console" library="BuiltIn" type="TEARDOWN">
<arg>I will close my test</arg>
<doc>Logs the given message to the console.</doc>
<status status="PASS" starttime="20210318 19:41:45.866" endtime="20210318 19:41:45.867"/>
</kw>
<doc>Example test</doc>
<tag>DEBUG</tag>
<status status="PASS" starttime="20210318 19:41:45.864" endtime="20210318 19:41:45.867"/>
</test>
<doc>Suite description</doc>
<status status="PASS" starttime="20210318 19:41:45.593" endtime="20210318 19:41:45.868"/>
</suite>
<statistics>
<total>
<stat pass="1" fail="0" skip="0">All Tests</stat>
</total>
<tag>
<stat pass="1" fail="0" skip="0">DEBUG</stat>
</tag>
<suite>
<stat pass="1" fail="0" skip="0" id="s1" name="Test">Test</stat>
</suite>
</statistics>
<errors>
</errors>
</robot>
